make all --print-data-base --no-builtin-variables --no-builtin-rules --question
# GNU Make 3.81
# Copyright (C) 2006  Free Software Foundation, Inc.
# This is free software; see the source for copying conditions.
# There is NO warranty; not even for MERCHANTABILITY or FITNESS FOR A
# PARTICULAR PURPOSE.

# This program built for i386-apple-darwin11.3.0

# Make data base, printed on Mon Aug  8 23:47:11 2022

# Variables

# automatic
<D = $(patsubst %/,%,$(dir $<))
# automatic
?F = $(notdir $?)
# environment
ELECTRON_NO_ATTACH_CONSOLE = 1
# makefile (from `Makefile', line 3)
SRC := src/cli.ts
# automatic
?D = $(patsubst %/,%,$(dir $?))
# automatic
@D = $(patsubst %/,%,$(dir $@))
# automatic
@F = $(notdir $@)
# makefile
CURDIR := /Users/glenn/src/github.com/truestamp/truestamp-cli
# makefile
SHELL = /bin/sh
# environment
VSCODE_NLS_CONFIG = {"locale":"en-us","availableLanguages":{},"_languagePackSupport":true}
# environment
_ = /usr/bin/make
# environment
STARSHIP_SESSION_KEY = 1158624000287902
# makefile (from `Makefile', line 8)
ARGS := --unstable --allow-env --allow-net --allow-read --allow-write --lock=lock.json --cached-only
# environment
GO111MODULE = on
# environment
__CFBundleIdentifier = com.microsoft.VSCode
# environment
FNM_NODE_DIST_MIRROR = https://nodejs.org/dist
# environment
VSCODE_CWD = /Users/glenn/src/github.com/truestamp/truestamp-cli
# environment
PATH = /Users/glenn/Library/Caches/fnm_multishells/14453_1660008538906/bin:/Users/glenn/.netlify/helper/bin:/Users/glenn/.pyenv/shims:/usr/local/sbin:/usr/local/bin:/usr/local/Cellar/pyenv-virtualenv/1.1.5/shims:/usr/local/bin:/usr/bin:/bin:/usr/sbin:/sbin:/Library/Apple/usr/bin:/Users/glenn/.cargo/bin:/Users/glenn/bin:/Users/glenn/.deno/bin:/Users/glenn/development/flutter/bin:/usr/local/opt/coreutils/libexec/gnubin:/Users/glenn/src/go/bin:/usr/local/opt/go/libexec/bin
# environment
GOROOT = /usr/local/opt/go/libexec
# environment
VIRTUAL_ENV = /Users/glenn/.pyenv/versions/3.9.6/envs/apps3
# makefile (from `Makefile', line 1)
MAKEFILE_LIST :=  Makefile
# environment
GOPATH = /Users/glenn/src/go
# environment
FNM_LOGLEVEL = info
# environment
ELECTRON_RUN_AS_NODE = 1
# default
.FEATURES := target-specific order-only second-expansion else-if archives jobserver check-symlink
# environment
SSH_AUTH_SOCK = /private/tmp/com.apple.launchd.biQD9OrvfO/Listeners
# automatic
%F = $(notdir $%)
# makefile (from `Makefile', line 5)
LOCK := lock.json
# environment
PWD = /Users/glenn/src/github.com/truestamp/truestamp-cli
# environment
ORIGINAL_XDG_CURRENT_DESKTOP = undefined
# environment
VSCODE_AMD_ENTRYPOINT = vs/workbench/api/node/extensionHostProcess
# environment
PYENV_SHELL = zsh
# environment
HOME = /Users/glenn
# default
MAKEFILEPATH := /Applications/Xcode.app/Contents/Developer/Makefiles
# environment
VSCODE_CLI = 1
# environment
VSCODE_CODE_CACHE_PATH = /Users/glenn/Library/Application Support/Code/CachedData/3b889b090b5ad5793f524b5d1d39fda662b96a2a
# environment
FNM_MULTISHELL_PATH = /Users/glenn/Library/Caches/fnm_multishells/14453_1660008538906
# environment
LOGNAME = glenn
# environment
APPLICATION_INSIGHTS_NO_DIAGNOSTIC_CHANNEL = 1
# environment
VSCODE_HANDLES_UNCAUGHT_ERRORS = true
# automatic
^D = $(patsubst %/,%,$(dir $^))
# environment
XPC_FLAGS = 0x0
# environment
COLORTERM = truecolor
# default
MAKE = $(MAKE_COMMAND)
# environment
LC_TERMINAL = iTerm2
# environment
SHLVL = 3
# makefile (from `Makefile', line 7)
BUILD_DIR := ./build
# default
MAKE_VERSION := 3.81
# environment
USER = glenn
# makefile
.DEFAULT_GOAL := build
# default
MAKECMDGOALS := all
# environment
TERM_SESSION_ID = w1t0p0:CBBA488A-E066-4EDB-B49F-25F6D1CAFD97
# automatic
%D = $(patsubst %/,%,$(dir $%))
# default
MAKE_COMMAND := /Applications/Xcode.app/Contents/Developer/usr/bin/make
# environment
TERM_PROGRAM = iTerm.app
# default
.VARIABLES := 
# environment
TMPDIR = /var/folders/cg/q568zb_17fv6qx4r2lpl3g0w0000gn/T/
# automatic
*F = $(notdir $*)
# environment
VSCODE_IPC_HOOK = /Users/glenn/Library/Application Support/Code/1.69.2-main.sock
# environment
MallocNanoZone = 0
# makefile
MAKEFLAGS = Rrqp
# environment
MFLAGS = -Rrqp
# automatic
*D = $(patsubst %/,%,$(dir $*))
# environment
TERM_PROGRAM_VERSION = 3.4.16
# environment
FNM_VERSION_FILE_STRATEGY = local
# environment
XPC_SERVICE_NAME = application.com.microsoft.VSCode.547052613.547052619.E020D7C8-4163-46D2-9D05-3708E523C179
# environment
LC_TERMINAL_VERSION = 3.4.16
# automatic
+D = $(patsubst %/,%,$(dir $+))
# automatic
+F = $(notdir $+)
# environment
ITERM_SESSION_ID = w1t0p0:CBBA488A-E066-4EDB-B49F-25F6D1CAFD97
# environment
COLORFGBG = 15;0
# environment
__CF_USER_TEXT_ENCODING = 0x1F5:0x0:0x0
# environment
COMMAND_MODE = unix2003
# default
MAKEFILES := 
# automatic
<F = $(notdir $<)
# environment
ITERM_PROFILE = Default
# environment
FNM_DIR = /Users/glenn/.fnm
# environment
LC_ALL = C
# environment
PYENV_VIRTUALENV_DISABLE_PROMPT = 1
# environment
PYENV_VIRTUAL_ENV = /Users/glenn/.pyenv/versions/3.9.6/envs/apps3
# automatic
^F = $(notdir $^)
# makefile (from `Makefile', line 4)
DEPS := src/deps.ts
# environment
FNM_ARCH = x64
# default
SUFFIXES := 
# environment
PYENV_VIRTUALENV_INIT = 1
# default
.INCLUDE_DIRS = /usr/local/include
# environment
MAKELEVEL := 0
# environment
GPG_TTY = /dev/ttys010
# environment
LANG = C
# environment
TERM = xterm-256color
# makefile (from `Makefile', line 6)
DENO_DIR := ./deno_dir
# environment
VSCODE_PID = 31280
# environment
STARSHIP_SHELL = zsh
# variable set hash-table stats:
# Load=93/1024=9%, Rehash=0, Collisions=10/118=8%

# Pattern-specific Variable Values

# No pattern-specific variable values.

# Directories

# . (device 16777220, inode 169247207): 15 files, no impossibilities.

# 15 files, no impossibilities in 1 directories.

# Implicit Rules

# No implicit rules.

# Files

build-windows:
#  Implicit rule search has not been done.
#  Modification time never checked.
#  File has not been updated.
#  commands to execute (from `Makefile', line 22):
	export DENO_DIR=${DENO_DIR} && deno compile --target=x86_64-pc-windows-msvc --output=${BUILD_DIR}/truestamp-windows ${ARGS} ${SRC}
	

cache:
#  Implicit rule search has not been done.
#  Modification time never checked.
#  File has not been updated.
#  commands to execute (from `Makefile', line 48):
	make cache-system && export DENO_DIR=${DENO_DIR} && deno cache --unstable ${DEPS} && make lock
	

build-linux:
#  Implicit rule search has not been done.
#  Modification time never checked.
#  File has not been updated.
#  commands to execute (from `Makefile', line 25):
	export DENO_DIR=${DENO_DIR} && deno compile --target=x86_64-unknown-linux-gnu --output=${BUILD_DIR}/truestamp-linux-x86_64 ${ARGS} ${SRC}
	

build-darwin-x86:
#  Implicit rule search has not been done.
#  Modification time never checked.
#  File has not been updated.
#  commands to execute (from `Makefile', line 16):
	export DENO_DIR=${DENO_DIR} && deno compile --target=x86_64-apple-darwin --output=${BUILD_DIR}/truestamp-darwin-x86_64 ${ARGS} ${SRC}
	

# Not a target:
all:
#  Command-line target.
#  Implicit rule search has been done.
#  File does not exist.
#  File has not been updated.
# variable set hash-table stats:
# Load=0/32=0%, Rehash=0, Collisions=0/0=0%

prep:
#  Implicit rule search has not been done.
#  Modification time never checked.
#  File has not been updated.
#  commands to execute (from `Makefile', line 31):
	mkdir -p ${BUILD_DIR}
	

# Not a target:
.SUFFIXES:
#  Implicit rule search has not been done.
#  Modification time never checked.
#  File has not been updated.

format:
#  Implicit rule search has not been done.
#  Modification time never checked.
#  File has not been updated.
#  commands to execute (from `Makefile', line 60):
	export DENO_DIR=${DENO_DIR} && deno fmt src
	

cache-system:
#  Implicit rule search has not been done.
#  Modification time never checked.
#  File has not been updated.
#  commands to execute (from `Makefile', line 54):
	deno cache --unstable ${DEPS}
	

# Not a target:
Makefile:
#  Implicit rule search has been done.
#  Last modified 2022-06-22 10:24:39
#  File has been updated.
#  Successfully updated.
# variable set hash-table stats:
# Load=0/32=0%, Rehash=0, Collisions=0/0=0%

format-watch:
 
make: *** No rule to make target `all'.  Stop.

#  Implicit rule search has not been done.
#  Modification time never checked.
#  File has not been updated.
#  commands to execute (from `Makefile', line 63):
	export DENO_DIR=${DENO_DIR} && deno fmt --unstable --watch src
	

test:
#  Implicit rule search has not been done.
#  Modification time never checked.
#  File has not been updated.
#  commands to execute (from `Makefile', line 57):
	export DENO_DIR=${DENO_DIR} && deno test ${ARGS} src
	

build: clean prep build-darwin-x86 build-darwin-aarch64 build-windows build-linux compress
#  Implicit rule search has not been done.
#  Modification time never checked.
#  File has not been updated.

depsbot:
#  Implicit rule search has not been done.
#  Modification time never checked.
#  File has not been updated.
#  commands to execute (from `Makefile', line 66):
	npx depsbot
	

build-local:
#  Implicit rule search has not been done.
#  Modification time never checked.
#  File has not been updated.
#  commands to execute (from `Makefile', line 13):
	export DENO_DIR=${DENO_DIR} && deno compile --output=truestamp ${ARGS} ${SRC}
	

cache-reload:
#  Implicit rule search has not been done.
#  Modification time never checked.
#  File has not been updated.
#  commands to execute (from `Makefile', line 51):
	export DENO_DIR=${DENO_DIR} && deno cache --unstable --reload ${DEPS} && make lock
	

compress-windows:
#  Implicit rule search has not been done.
#  Modification time never checked.
#  File has not been updated.
#  commands to execute (from `Makefile', line 40):
	cd ${BUILD_DIR} && for i in truestamp-windows*; do mv $$i truestamp.exe && zip -r truestamp-windows-x86_64.zip truestamp.exe && rm truestamp.exe; done && cd -
	

# Not a target:
.DEFAULT:
#  Implicit rule search has not been done.
#  Modification time never checked.
#  File has not been updated.

compress-linux:
#  Implicit rule search has not been done.
#  Modification time never checked.
#  File has not been updated.
#  commands to execute (from `Makefile', line 37):
	cd ${BUILD_DIR} && for i in truestamp-linux*; do mv $$i truestamp && tar -czf $$i.tar.gz truestamp && rm truestamp; done && cd -
	

clean:
#  Implicit rule search has not been done.
#  Modification time never checked.
#  File has not been updated.
#  commands to execute (from `Makefile', line 28):
	rm -rf ${BUILD_DIR}
	

compress: compress-darwin compress-linux compress-windows
#  Implicit rule search has not been done.
#  Modification time never checked.
#  File has not been updated.

compress-darwin:
#  Implicit rule search has not been done.
#  Modification time never checked.
#  File has not been updated.
#  commands to execute (from `Makefile', line 34):
	cd ${BUILD_DIR} && for i in truestamp-darwin*; do mv $$i truestamp && tar -czf $$i.tar.gz truestamp && rm truestamp; done && cd -
	

build-darwin-aarch64:
#  Implicit rule search has not been done.
#  Modification time never checked.
#  File has not been updated.
#  commands to execute (from `Makefile', line 19):
	export DENO_DIR=${DENO_DIR} && deno compile --target=aarch64-apple-darwin --output=${BUILD_DIR}/truestamp-darwin-aarch64 ${ARGS} ${SRC}
	

lock:
#  Implicit rule search has not been done.
#  Modification time never checked.
#  File has not been updated.
#  commands to execute (from `Makefile', line 45):
	export DENO_DIR=${DENO_DIR} && deno cache --unstable --lock=${LOCK} --lock-write ${DEPS}
	

info:
#  Implicit rule search has not been done.
#  Modification time never checked.
#  File has not been updated.
#  commands to execute (from `Makefile', line 69):
	deno info src/cli.ts
	

# files hash-table stats:
# Load=25/1024=2%, Rehash=0, Collisions=0/47=0%
# VPATH Search Paths

# No `vpath' search paths.

# No general (`VPATH' variable) search path.

# # of strings in strcache: 1
# # of strcache buffers: 1
# strcache size: total = 4096 / max = 4096 / min = 4096 / avg = 4096
# strcache free: total = 4087 / max = 4087 / min = 4087 / avg = 4087

# Finished Make data base on Mon Aug  8 23:47:11 2022

 
